<?xml version="1.0" encoding="UTF-8"?>
<testsuite name="games.game2048.TestGame2048" tests="1" skipped="0" failures="0" errors="0" timestamp="2023-03-07T10:13:10" hostname="DESKTOP-FGK64KT" time="0.022">
  <properties/>
  <testcase name="testMoves" classname="games.game2048.TestGame2048" time="0.022"/>
  <system-out><![CDATA[]]></system-out>
  <system-err><![CDATA[]]></system-err>
</testsuite>
